  [1m[35m (0.1ms)[0m  [1m[34mSELECT sqlite_version(*)[0m
  [1m[35m (2.1ms)[0m  [1m[35mCREATE TABLE "schema_migrations" ("version" varchar NOT NULL PRIMARY KEY)[0m
  [1m[35m (1.3ms)[0m  [1m[35mCREATE TABLE "ar_internal_metadata" ("key" varchar NOT NULL PRIMARY KEY, "value" varchar, "created_at" datetime NOT NULL, "updated_at" datetime NOT NULL)[0m
  [1m[35m (0.2ms)[0m  [1m[34mSELECT "schema_migrations"."version" FROM "schema_migrations" ORDER BY "schema_migrations"."version" ASC[0m
Migrating to CreateArticles (20180226115959)
  [1m[35m (0.1ms)[0m  [1m[36mbegin transaction[0m
  [1m[35m (0.4ms)[0m  [1m[35mCREATE TABLE "articles" ("id" INTEGER PRIMARY KEY AUTOINCREMENT NOT NULL, "title" varchar, "content" text, "created_at" datetime NOT NULL, "updated_at" datetime NOT NULL)[0m
  [1m[35mSQL (0.3ms)[0m  [1m[32mINSERT INTO "schema_migrations" ("version") VALUES (?)[0m  [["version", "20180226115959"]]
  [1m[35m (1.0ms)[0m  [1m[36mcommit transaction[0m
  [1m[36mActiveRecord::InternalMetadata Load (0.2ms)[0m  [1m[34mSELECT  "ar_internal_metadata".* FROM "ar_internal_metadata" WHERE "ar_internal_metadata"."key" = ? LIMIT ?[0m  [["key", "environment"], ["LIMIT", 1]]
  [1m[35m (0.1ms)[0m  [1m[36mbegin transaction[0m
  [1m[35mSQL (0.4ms)[0m  [1m[32mINSERT INTO "ar_internal_metadata" ("key", "value", "created_at", "updated_at") VALUES (?, ?, ?, ?)[0m  [["key", "environment"], ["value", "development"], ["created_at", "2018-02-26 12:00:12.784535"], ["updated_at", "2018-02-26 12:00:12.784535"]]
  [1m[35m (1.1ms)[0m  [1m[36mcommit transaction[0m
  [1m[35m (0.2ms)[0m  [1m[34mSELECT "schema_migrations"."version" FROM "schema_migrations" ORDER BY "schema_migrations"."version" ASC[0m
Started GET "/" for ::1 at 2018-02-26 21:00:48 +0900
  [1m[35m (0.1ms)[0m  [1m[34mSELECT "schema_migrations"."version" FROM "schema_migrations" ORDER BY "schema_migrations"."version" ASC[0m
Processing by Rails::WelcomeController#index as HTML
  Rendering /Users/tbnse/work/plugins/navmenu/vendor/bundle/ruby/2.3.0/gems/railties-5.1.5/lib/rails/templates/rails/welcome/index.html.erb
  Rendered /Users/tbnse/work/plugins/navmenu/vendor/bundle/ruby/2.3.0/gems/railties-5.1.5/lib/rails/templates/rails/welcome/index.html.erb (5.6ms)
Completed 200 OK in 18ms (Views: 13.3ms | ActiveRecord: 0.0ms)


Started GET "/articles" for ::1 at 2018-02-26 21:00:53 +0900
Processing by ArticlesController#index as HTML
  Rendering articles/index.html.erb within layouts/application
  [1m[36mArticle Load (0.6ms)[0m  [1m[34mSELECT "articles".* FROM "articles"[0m
  Rendered articles/index.html.erb within layouts/application (8.8ms)
  Rendered shared/_nav_menu.html.erb (8.0ms)
Completed 500 Internal Server Error in 1146ms (ActiveRecord: 0.9ms)


  
ActionView::Template::Error (Missing partial articles/__nav_item_articles.html.erb, application/__nav_item_articles.html.erb with {:locale=>[:en], :formats=>[:html], :variants=>[], :handlers=>[:raw, :erb, :html, :builder, :ruby]}. Searched in:
  * "/Users/tbnse/work/plugins/navmenu/spec/dummy/app/views"
):
    1: <ul>
    2: <!-- nav_manu items -->
    3: <%= render "_nav_item_articles.html.erb" %>
    4: <ul>
  
app/views/shared/_nav_menu.html.erb:3:in `_app_views_shared__nav_menu_html_erb__1234069282806506009_70165369380880'
app/views/layouts/application.html.erb:12:in `_app_views_layouts_application_html_erb___1037375849846634970_70165370225180'
Started GET "/articles" for ::1 at 2018-02-26 21:01:13 +0900
Processing by ArticlesController#index as HTML
  Rendering articles/index.html.erb within layouts/application
  [1m[36mArticle Load (0.1ms)[0m  [1m[34mSELECT "articles".* FROM "articles"[0m
  Rendered articles/index.html.erb within layouts/application (1.3ms)
  Rendered shared/_nav_menu.html.erb (4.2ms)
Completed 500 Internal Server Error in 26ms (ActiveRecord: 0.1ms)


  
ActionView::Template::Error (Missing partial articles/_nav_item_articles.html.erb, application/_nav_item_articles.html.erb with {:locale=>[:en], :formats=>[:html], :variants=>[], :handlers=>[:raw, :erb, :html, :builder, :ruby]}. Searched in:
  * "/Users/tbnse/work/plugins/navmenu/spec/dummy/app/views"
):
    1: <ul>
    2: <!-- nav_manu items -->
    3: <%= render "nav_item_articles.html.erb" %>
    4: <ul>
  
app/views/shared/_nav_menu.html.erb:3:in `_app_views_shared__nav_menu_html_erb__1234069282806506009_70165407092440'
app/views/layouts/application.html.erb:12:in `_app_views_layouts_application_html_erb___1037375849846634970_70165411915940'
Started GET "/articles" for ::1 at 2018-02-26 21:01:35 +0900
Processing by ArticlesController#index as HTML
  Rendering articles/index.html.erb within layouts/application
  [1m[36mArticle Load (0.1ms)[0m  [1m[34mSELECT "articles".* FROM "articles"[0m
  Rendered articles/index.html.erb within layouts/application (1.5ms)
  Rendered shared/_nav_menu.html.erb (4.6ms)
Completed 500 Internal Server Error in 23ms (ActiveRecord: 0.1ms)


  
ActionView::Template::Error (Missing partial articles/_nav_item_articles, application/_nav_item_articles with {:locale=>[:en], :formats=>[:html], :variants=>[], :handlers=>[:raw, :erb, :html, :builder, :ruby]}. Searched in:
  * "/Users/tbnse/work/plugins/navmenu/spec/dummy/app/views"
):
    1: <ul>
    2: <!-- nav_manu items -->
    3: <%= render "nav_item_articles" %>
    4: <ul>
  
app/views/shared/_nav_menu.html.erb:3:in `_app_views_shared__nav_menu_html_erb__1234069282806506009_70165404943360'
app/views/layouts/application.html.erb:12:in `_app_views_layouts_application_html_erb___1037375849846634970_70165410315960'
Started GET "/articles" for ::1 at 2018-02-26 21:01:43 +0900
Processing by ArticlesController#index as HTML
  Rendering articles/index.html.erb within layouts/application
  [1m[36mArticle Load (0.1ms)[0m  [1m[34mSELECT "articles".* FROM "articles"[0m
  Rendered articles/index.html.erb within layouts/application (1.3ms)
  Rendered shared/_nav_item_articles.html.erb (0.4ms)
  Rendered shared/_nav_menu.html.erb (7.9ms)
Completed 200 OK in 26ms (Views: 24.1ms | ActiveRecord: 0.1ms)


Started GET "/articles" for ::1 at 2018-02-26 21:01:46 +0900
Processing by ArticlesController#index as HTML
  Rendering articles/index.html.erb within layouts/application
  [1m[36mArticle Load (0.2ms)[0m  [1m[34mSELECT "articles".* FROM "articles"[0m
  Rendered articles/index.html.erb within layouts/application (4.0ms)
  Rendered shared/_nav_item_articles.html.erb (0.4ms)
  Rendered shared/_nav_menu.html.erb (2.5ms)
Completed 200 OK in 27ms (Views: 24.8ms | ActiveRecord: 0.2ms)


Started GET "/articles" for ::1 at 2018-02-26 21:01:47 +0900
Processing by ArticlesController#index as HTML
  Rendering articles/index.html.erb within layouts/application
  [1m[36mArticle Load (0.2ms)[0m  [1m[34mSELECT "articles".* FROM "articles"[0m
  Rendered articles/index.html.erb within layouts/application (1.3ms)
  Rendered shared/_nav_item_articles.html.erb (0.6ms)
  Rendered shared/_nav_menu.html.erb (3.1ms)
Completed 200 OK in 23ms (Views: 20.5ms | ActiveRecord: 0.2ms)


Started GET "/articles" for ::1 at 2018-02-26 21:11:51 +0900
  [1m[35m (0.2ms)[0m  [1m[34mSELECT "schema_migrations"."version" FROM "schema_migrations" ORDER BY "schema_migrations"."version" ASC[0m
Processing by ArticlesController#index as HTML
  Rendering articles/index.html.erb within layouts/application
  [1m[36mArticle Load (0.7ms)[0m  [1m[34mSELECT "articles".* FROM "articles"[0m
  Rendered articles/index.html.erb within layouts/application (11.6ms)
  Rendered shared/_nav_item_articles.html.erb (0.5ms)
  Rendered shared/_nav_menu.html.erb (3.3ms)
Completed 200 OK in 210ms (Views: 203.7ms | ActiveRecord: 1.0ms)


Started GET "/articles" for ::1 at 2018-02-26 21:11:54 +0900
Processing by ArticlesController#index as HTML
  Rendering articles/index.html.erb within layouts/application
  [1m[36mArticle Load (0.1ms)[0m  [1m[34mSELECT "articles".* FROM "articles"[0m
  Rendered articles/index.html.erb within layouts/application (1.3ms)
  Rendered shared/_nav_item_articles.html.erb (0.3ms)
  Rendered shared/_nav_menu.html.erb (1.9ms)
Completed 200 OK in 19ms (Views: 17.2ms | ActiveRecord: 0.1ms)


Started GET "/articles" for ::1 at 2018-02-26 21:11:55 +0900
Processing by ArticlesController#index as HTML
  Rendering articles/index.html.erb within layouts/application
  [1m[36mArticle Load (0.2ms)[0m  [1m[34mSELECT "articles".* FROM "articles"[0m
  Rendered articles/index.html.erb within layouts/application (1.6ms)
  Rendered shared/_nav_item_articles.html.erb (0.5ms)
  Rendered shared/_nav_menu.html.erb (2.3ms)
Completed 200 OK in 21ms (Views: 19.0ms | ActiveRecord: 0.1ms)


Started GET "/articles" for ::1 at 2018-02-26 21:13:00 +0900
Processing by ArticlesController#index as HTML
  Rendering articles/index.html.erb within layouts/application
  [1m[36mArticle Load (0.2ms)[0m  [1m[34mSELECT "articles".* FROM "articles"[0m
  Rendered articles/index.html.erb within layouts/application (1.6ms)
  Rendered shared/_nav_item_articles.html.erb (0.3ms)
  Rendered shared/_nav_menu.html.erb (2.6ms)
Completed 200 OK in 29ms (Views: 26.2ms | ActiveRecord: 0.2ms)


Started GET "/articles" for ::1 at 2018-02-26 21:13:03 +0900
Processing by ArticlesController#index as HTML
  Rendering articles/index.html.erb within layouts/application
  [1m[36mArticle Load (0.3ms)[0m  [1m[34mSELECT "articles".* FROM "articles"[0m
  Rendered articles/index.html.erb within layouts/application (2.3ms)
  Rendered shared/_nav_item_articles.html.erb (0.4ms)
  Rendered shared/_nav_menu.html.erb (2.8ms)
Completed 200 OK in 23ms (Views: 21.2ms | ActiveRecord: 0.3ms)


  [1m[35m (0.2ms)[0m  [1m[34mSELECT "schema_migrations"."version" FROM "schema_migrations" ORDER BY "schema_migrations"."version" ASC[0m
  [1m[35m (0.1ms)[0m  [1m[34mSELECT "ar_internal_metadata"."value" FROM "ar_internal_metadata" WHERE "ar_internal_metadata"."key" = ?[0m  [["key", "environment"]]
  [1m[35m (0.1ms)[0m  [1m[34mSELECT "schema_migrations"."version" FROM "schema_migrations" ORDER BY "schema_migrations"."version" ASC[0m
  [1m[35m (0.1ms)[0m  [1m[34mSELECT "ar_internal_metadata"."value" FROM "ar_internal_metadata" WHERE "ar_internal_metadata"."key" = ?[0m  [["key", "environment"]]
  [1m[35m (0.1ms)[0m  [1m[34mSELECT "schema_migrations"."version" FROM "schema_migrations" ORDER BY "schema_migrations"."version" ASC[0m
  [1m[35m (0.1ms)[0m  [1m[34mSELECT "ar_internal_metadata"."value" FROM "ar_internal_metadata" WHERE "ar_internal_metadata"."key" = ?[0m  [["key", "environment"]]
  [1m[35m (0.0ms)[0m  [1m[34mSELECT sqlite_version(*)[0m
  [1m[35m (1.4ms)[0m  [1m[35mCREATE TABLE "schema_migrations" ("version" varchar NOT NULL PRIMARY KEY)[0m
  [1m[35m (1.5ms)[0m  [1m[35mCREATE TABLE "ar_internal_metadata" ("key" varchar NOT NULL PRIMARY KEY, "value" varchar, "created_at" datetime NOT NULL, "updated_at" datetime NOT NULL)[0m
  [1m[36mActiveRecord::InternalMetadata Load (0.3ms)[0m  [1m[34mSELECT  "ar_internal_metadata".* FROM "ar_internal_metadata" WHERE "ar_internal_metadata"."key" = ? LIMIT ?[0m  [["key", "environment"], ["LIMIT", 1]]
  [1m[35m (0.1ms)[0m  [1m[36mbegin transaction[0m
  [1m[35mSQL (0.9ms)[0m  [1m[32mINSERT INTO "ar_internal_metadata" ("key", "value", "created_at", "updated_at") VALUES (?, ?, ?, ?)[0m  [["key", "environment"], ["value", "development"], ["created_at", "2018-02-26 12:14:38.007320"], ["updated_at", "2018-02-26 12:14:38.007320"]]
  [1m[35m (1.8ms)[0m  [1m[36mcommit transaction[0m
  [1m[35m (0.1ms)[0m  [1m[34mSELECT "schema_migrations"."version" FROM "schema_migrations" ORDER BY "schema_migrations"."version" ASC[0m
